Using pre-set license
Built from '2021.1/staging' branch; Version is '2021.1.3f1 (4bef613afd59) revision 4976481'; Using compiler version '192528614'; Build Type 'Release'
OS: 'Windows 10 Home; OS build 19042.928; Version 2009; 64bit' Language: 'en' Physical Memory: 16309 MB
BatchMode: 1, IsHumanControllingUs: 0, StartBugReporterOnCrash: 0, Is64bit: 1, IsPro: 0

 COMMAND LINE ARGUMENTS:
C:\Program Files\Unity\Hub\Editor\2021.1.3f1\Editor\Unity.exe
-adb2
-batchMode
-noUpm
-name
AssetImportWorker0
-projectPath
C:/Users/hdunp/Documents/GameDev/Unity/GitHub/MultiplayerTest
-logFile
Logs/AssetImportWorker0.log
-srvPort
63737
Successfully changed project path to: C:/Users/hdunp/Documents/GameDev/Unity/GitHub/MultiplayerTest
C:/Users/hdunp/Documents/GameDev/Unity/GitHub/MultiplayerTest
Using Asset Import Pipeline V2.
Refreshing native plugins compatible for Editor in 102.27 ms, found 2 plugins.
Preloading 0 native plugins for Editor in 0.00 ms.
Initialize engine version: 2021.1.3f1 (4bef613afd59)
[Subsystems] Discovering subsystems at path C:/Program Files/Unity/Hub/Editor/2021.1.3f1/Editor/Data/Resources/UnitySubsystems
[Subsystems] Discovering subsystems at path C:/Users/hdunp/Documents/GameDev/Unity/GitHub/MultiplayerTest/Assets
GfxDevice: creating device client; threaded=0; jobified=0
Direct3D:
    Version:  Direct3D 11.0 [level 11.1]
    Renderer: NVIDIA GeForce GTX 1660 SUPER (ID=0x21c4)
    Vendor:   NVIDIA
    VRAM:     5991 MB
    Driver:   27.21.14.5671
Initialize mono
Mono path[0] = 'C:/Program Files/Unity/Hub/Editor/2021.1.3f1/Editor/Data/Managed'
Mono path[1] = 'C:/Program Files/Unity/Hub/Editor/2021.1.3f1/Editor/Data/MonoBleedingEdge/lib/mono/unityjit'
Mono config path = 'C:/Program Files/Unity/Hub/Editor/2021.1.3f1/Editor/Data/MonoBleedingEdge/etc'
Using monoOptions --debugger-agent=transport=dt_socket,embedding=1,server=y,suspend=n,address=127.0.0.1:56776
Begin MonoManager ReloadAssembly
Registering precompiled unity dll's ...
Register platform support module: C:/Program Files/Unity/Hub/Editor/2021.1.3f1/Editor/Data/PlaybackEngines/WebGLSupport/UnityEditor.WebGL.Extensions.dll
Register platform support module: C:/Program Files/Unity/Hub/Editor/2021.1.3f1/Editor/Data/PlaybackEngines/WindowsStandaloneSupport/UnityEditor.WindowsStandalone.Extensions.dll
Registered in 0.002964 seconds.
Native extension for WindowsStandalone target not found
Native extension for WebGL target not found
Refreshing native plugins compatible for Editor in 116.09 ms, found 2 plugins.
Preloading 0 native plugins for Editor in 0.00 ms.
Mono: successfully reloaded assembly
- Completed reload, in  1.505 seconds
Platform modules already initialized, skipping
Registering precompiled user dll's ...
Registered in 0.004872 seconds.
Begin MonoManager ReloadAssembly
Native extension for WindowsStandalone target not found
Native extension for WebGL target not found
Refreshing native plugins compatible for Editor in 108.72 ms, found 2 plugins.
Preloading 0 native plugins for Editor in 0.00 ms.
Mono: successfully reloaded assembly
- Completed reload, in  1.180 seconds
Platform modules already initialized, skipping
========================================================================
Worker process is ready to serve import requests
Launched and connected shader compiler UnityShaderCompiler.exe after 0.04 seconds
Refreshing native plugins compatible for Editor in 1.26 ms, found 2 plugins.
Preloading 0 native plugins for Editor in 0.00 ms.
Unloading 3813 Unused Serialized files (Serialized files now loaded: 0)
System memory in use before: 143.9 MB.
System memory in use after: 144.1 MB.

Unloading 32 unused Assets to reduce memory usage. Loaded Objects now: 4270.
Total: 3.608500 ms (FindLiveObjects: 0.599200 ms CreateObjectMapping: 0.205100 ms MarkObjects: 2.678600 ms  DeleteObjects: 0.124000 ms)

========================================================================
Received Import Request.
  path: Assets/Scripts/Player/PlayerController.cs
  artifactKey: Guid(969daa4e82827b74088cb48bd1582ed4) Importer(815301076,1909f56bfc062723c751e8b465ee728b)
Start importing Assets/Scripts/Player/PlayerController.cs using Guid(969daa4e82827b74088cb48bd1582ed4) Importer(815301076,1909f56bfc062723c751e8b465ee728b)  -> (artifact id: 'e848d464a3d5c5f4b3142ed4c75d5576') in 0.027464 seconds 
========================================================================
Received Import Request.
  Time since last request: 170.506658 seconds.
  path: Assets/Scenes/Menu.unity
  artifactKey: Guid(3247e2f41215a1e4d881f58726735993) Importer(815301076,1909f56bfc062723c751e8b465ee728b)
Start importing Assets/Scenes/Menu.unity using Guid(3247e2f41215a1e4d881f58726735993) Importer(815301076,1909f56bfc062723c751e8b465ee728b)  -> (artifact id: '550bc7093959b6412fb71ab479a39806') in 0.018838 seconds 
========================================================================
Received Import Request.
  Time since last request: 7.527966 seconds.
  path: Assets/Scenes/Arena.unity
  artifactKey: Guid(df3dda6742d1326448c08194004bf599) Importer(815301076,1909f56bfc062723c751e8b465ee728b)
Start importing Assets/Scenes/Arena.unity using Guid(df3dda6742d1326448c08194004bf599) Importer(815301076,1909f56bfc062723c751e8b465ee728b)  -> (artifact id: 'e228146eac32ce1c0bfd580e9c416124') in 0.007387 seconds 
========================================================================
Received Prepare
Registering precompiled user dll's ...
Registered in 0.004696 seconds.
Begin MonoManager ReloadAssembly
Native extension for WindowsStandalone target not found
Native extension for WebGL target not found
Refreshing native plugins compatible for Editor in 0.96 ms, found 2 plugins.
Preloading 0 native plugins for Editor in 0.00 ms.
Mono: successfully reloaded assembly
- Completed reload, in  0.943 seconds
Platform modules already initialized, skipping
Refreshing native plugins compatible for Editor in 1.15 ms, found 2 plugins.
Preloading 0 native plugins for Editor in 0.00 ms.
Unloading 3805 Unused Serialized files (Serialized files now loaded: 0)
System memory in use before: 143.8 MB.
System memory in use after: 144.0 MB.

Unloading 18 unused Assets to reduce memory usage. Loaded Objects now: 4274.
Total: 3.784600 ms (FindLiveObjects: 0.469500 ms CreateObjectMapping: 0.111300 ms MarkObjects: 3.110800 ms  DeleteObjects: 0.091700 ms)

========================================================================
Received Import Request.
  Time since last request: 69.206390 seconds.
  path: Assets/Prefabs/Player.prefab
  artifactKey: Guid(7f79e53f2799a8f4b865361c64b24bd0) Importer(815301076,1909f56bfc062723c751e8b465ee728b)
Start importing Assets/Prefabs/Player.prefab using Guid(7f79e53f2799a8f4b865361c64b24bd0) Importer(815301076,1909f56bfc062723c751e8b465ee728b)  -> (artifact id: 'c2fb98a2f44b4e4aca707ba8c0417eba') in 0.102181 seconds 
========================================================================
Received Import Request.
  Time since last request: 845.927068 seconds.
  path: Assets/Scripts/ConnectionManager.cs
  artifactKey: Guid(08781f02a9616d24dbc37820b7c68bda) Importer(815301076,1909f56bfc062723c751e8b465ee728b)
Start importing Assets/Scripts/ConnectionManager.cs using Guid(08781f02a9616d24dbc37820b7c68bda) Importer(815301076,1909f56bfc062723c751e8b465ee728b)  -> (artifact id: '8a3c633bf728625f3ad8646e882b1d1d') in 0.007241 seconds 
========================================================================
Received Import Request.
  Time since last request: 46.434639 seconds.
  path: Assets/Scripts/UI
  artifactKey: Guid(17dadcc449f92a24a99736a01e116c97) Importer(815301076,1909f56bfc062723c751e8b465ee728b)
Start importing Assets/Scripts/UI using Guid(17dadcc449f92a24a99736a01e116c97) Importer(815301076,1909f56bfc062723c751e8b465ee728b)  -> (artifact id: '26ad06f689175064d2a01b75712c45fb') in 0.007973 seconds 
========================================================================
Received Prepare
Registering precompiled user dll's ...
Registered in 0.004723 seconds.
Begin MonoManager ReloadAssembly
Native extension for WindowsStandalone target not found
Native extension for WebGL target not found
Refreshing native plugins compatible for Editor in 0.93 ms, found 2 plugins.
Preloading 0 native plugins for Editor in 0.00 ms.
Mono: successfully reloaded assembly
- Completed reload, in  0.976 seconds
Platform modules already initialized, skipping
Refreshing native plugins compatible for Editor in 1.12 ms, found 2 plugins.
Preloading 0 native plugins for Editor in 0.00 ms.
Unloading 3818 Unused Serialized files (Serialized files now loaded: 0)
System memory in use before: 150.1 MB.
System memory in use after: 149.6 MB.

Unloading 33 unused Assets to reduce memory usage. Loaded Objects now: 4285.
Total: 3.294900 ms (FindLiveObjects: 0.518300 ms CreateObjectMapping: 0.116800 ms MarkObjects: 2.316000 ms  DeleteObjects: 0.342700 ms)

========================================================================
Received Import Request.
  Time since last request: 24.402130 seconds.
  path: Assets/Scripts/UI/MainMenuManager.cs
  artifactKey: Guid(94d3862d6efc3db4fa992ab8cf0ad7f7) Importer(815301076,1909f56bfc062723c751e8b465ee728b)
Start importing Assets/Scripts/UI/MainMenuManager.cs using Guid(94d3862d6efc3db4fa992ab8cf0ad7f7) Importer(815301076,1909f56bfc062723c751e8b465ee728b)  -> (artifact id: '63c9af1b40264454a57fd7487c9a7f20') in 0.011428 seconds 
========================================================================
Received Prepare
Registering precompiled user dll's ...
Registered in 0.004685 seconds.
Begin MonoManager ReloadAssembly
Native extension for WindowsStandalone target not found
Native extension for WebGL target not found
Refreshing native plugins compatible for Editor in 0.94 ms, found 2 plugins.
Preloading 0 native plugins for Editor in 0.00 ms.
Mono: successfully reloaded assembly
- Completed reload, in  0.971 seconds
Platform modules already initialized, skipping
Refreshing native plugins compatible for Editor in 0.96 ms, found 2 plugins.
Preloading 0 native plugins for Editor in 0.00 ms.
Unloading 3818 Unused Serialized files (Serialized files now loaded: 0)
System memory in use before: 150.1 MB.
System memory in use after: 149.6 MB.

Unloading 31 unused Assets to reduce memory usage. Loaded Objects now: 4289.
Total: 2.943200 ms (FindLiveObjects: 0.396000 ms CreateObjectMapping: 0.100400 ms MarkObjects: 2.148300 ms  DeleteObjects: 0.297300 ms)

========================================================================
Received Import Request.
  Time since last request: 19.899341 seconds.
  path: Assets/Scripts/UI/MainMenuController.cs
  artifactKey: Guid(bf27d83eee62b8d4da1e199b92fe11e2) Importer(815301076,1909f56bfc062723c751e8b465ee728b)
Start importing Assets/Scripts/UI/MainMenuController.cs using Guid(bf27d83eee62b8d4da1e199b92fe11e2) Importer(815301076,1909f56bfc062723c751e8b465ee728b)  -> (artifact id: '0ad3005d97d61f657ee85f58bf71bf67') in 0.013578 seconds 
========================================================================
Received Prepare
Registering precompiled user dll's ...
Registered in 0.006593 seconds.
Begin MonoManager ReloadAssembly
Native extension for WindowsStandalone target not found
Native extension for WebGL target not found
Refreshing native plugins compatible for Editor in 0.95 ms, found 2 plugins.
Preloading 0 native plugins for Editor in 0.00 ms.
Mono: successfully reloaded assembly
- Completed reload, in  1.076 seconds
Platform modules already initialized, skipping
Refreshing native plugins compatible for Editor in 0.92 ms, found 2 plugins.
Preloading 0 native plugins for Editor in 0.00 ms.
Unloading 3819 Unused Serialized files (Serialized files now loaded: 0)
System memory in use before: 150.1 MB.
System memory in use after: 149.7 MB.

Unloading 31 unused Assets to reduce memory usage. Loaded Objects now: 4294.
Total: 3.389700 ms (FindLiveObjects: 0.418600 ms CreateObjectMapping: 0.101800 ms MarkObjects: 2.543400 ms  DeleteObjects: 0.324800 ms)

========================================================================
Received Prepare
Registering precompiled user dll's ...
Registered in 0.004972 seconds.
Begin MonoManager ReloadAssembly
Native extension for WindowsStandalone target not found
Native extension for WebGL target not found
Refreshing native plugins compatible for Editor in 0.98 ms, found 2 plugins.
Preloading 0 native plugins for Editor in 0.00 ms.
Mono: successfully reloaded assembly
- Completed reload, in  0.971 seconds
Platform modules already initialized, skipping
Refreshing native plugins compatible for Editor in 0.97 ms, found 2 plugins.
Preloading 0 native plugins for Editor in 0.00 ms.
Unloading 3819 Unused Serialized files (Serialized files now loaded: 0)
System memory in use before: 150.1 MB.
System memory in use after: 149.7 MB.

Unloading 31 unused Assets to reduce memory usage. Loaded Objects now: 4298.
Total: 3.537800 ms (FindLiveObjects: 0.512400 ms CreateObjectMapping: 0.119000 ms MarkObjects: 2.573300 ms  DeleteObjects: 0.331800 ms)

========================================================================
Received Prepare
Registering precompiled user dll's ...
Registered in 0.005136 seconds.
Begin MonoManager ReloadAssembly
Native extension for WindowsStandalone target not found
Native extension for WebGL target not found
Refreshing native plugins compatible for Editor in 0.85 ms, found 2 plugins.
Preloading 0 native plugins for Editor in 0.00 ms.
Mono: successfully reloaded assembly
- Completed reload, in  0.993 seconds
Platform modules already initialized, skipping
Refreshing native plugins compatible for Editor in 0.97 ms, found 2 plugins.
Preloading 0 native plugins for Editor in 0.00 ms.
Unloading 3819 Unused Serialized files (Serialized files now loaded: 0)
System memory in use before: 150.2 MB.
System memory in use after: 149.7 MB.

Unloading 31 unused Assets to reduce memory usage. Loaded Objects now: 4302.
Total: 3.778700 ms (FindLiveObjects: 0.479900 ms CreateObjectMapping: 0.099200 ms MarkObjects: 2.860900 ms  DeleteObjects: 0.337400 ms)

========================================================================
Received Prepare
Registering precompiled user dll's ...
Registered in 0.004667 seconds.
Begin MonoManager ReloadAssembly
Native extension for WindowsStandalone target not found
Native extension for WebGL target not found
Refreshing native plugins compatible for Editor in 0.94 ms, found 2 plugins.
Preloading 0 native plugins for Editor in 0.00 ms.
Mono: successfully reloaded assembly
- Completed reload, in  0.993 seconds
Platform modules already initialized, skipping
Refreshing native plugins compatible for Editor in 0.92 ms, found 2 plugins.
Preloading 0 native plugins for Editor in 0.00 ms.
Unloading 3819 Unused Serialized files (Serialized files now loaded: 0)
System memory in use before: 150.2 MB.
System memory in use after: 149.7 MB.

Unloading 31 unused Assets to reduce memory usage. Loaded Objects now: 4306.
Total: 2.945000 ms (FindLiveObjects: 0.384700 ms CreateObjectMapping: 0.101500 ms MarkObjects: 2.143900 ms  DeleteObjects: 0.314100 ms)

========================================================================
Received Prepare
Registering precompiled user dll's ...
Registered in 0.005047 seconds.
Begin MonoManager ReloadAssembly
Native extension for WindowsStandalone target not found
Native extension for WebGL target not found
Refreshing native plugins compatible for Editor in 1.52 ms, found 2 plugins.
Preloading 0 native plugins for Editor in 0.00 ms.
Mono: successfully reloaded assembly
- Completed reload, in  0.996 seconds
Platform modules already initialized, skipping
Refreshing native plugins compatible for Editor in 0.99 ms, found 2 plugins.
Preloading 0 native plugins for Editor in 0.00 ms.
Unloading 3819 Unused Serialized files (Serialized files now loaded: 0)
System memory in use before: 150.2 MB.
System memory in use after: 149.7 MB.

Unloading 31 unused Assets to reduce memory usage. Loaded Objects now: 4310.
Total: 2.958400 ms (FindLiveObjects: 0.418400 ms CreateObjectMapping: 0.091200 ms MarkObjects: 2.138100 ms  DeleteObjects: 0.309600 ms)

========================================================================
Received Prepare
Registering precompiled user dll's ...
Registered in 0.004672 seconds.
Begin MonoManager ReloadAssembly
Native extension for WindowsStandalone target not found
Native extension for WebGL target not found
Refreshing native plugins compatible for Editor in 0.94 ms, found 2 plugins.
Preloading 0 native plugins for Editor in 0.00 ms.
Mono: successfully reloaded assembly
- Completed reload, in  0.955 seconds
Platform modules already initialized, skipping
Refreshing native plugins compatible for Editor in 1.26 ms, found 2 plugins.
Preloading 0 native plugins for Editor in 0.00 ms.
Unloading 3819 Unused Serialized files (Serialized files now loaded: 0)
System memory in use before: 150.2 MB.
System memory in use after: 149.8 MB.

Unloading 31 unused Assets to reduce memory usage. Loaded Objects now: 4314.
Total: 3.454100 ms (FindLiveObjects: 0.413100 ms CreateObjectMapping: 0.101900 ms MarkObjects: 2.540300 ms  DeleteObjects: 0.397700 ms)

========================================================================
Received Prepare
Registering precompiled user dll's ...
Registered in 0.004920 seconds.
Begin MonoManager ReloadAssembly
Native extension for WindowsStandalone target not found
Native extension for WebGL target not found
Refreshing native plugins compatible for Editor in 1.32 ms, found 2 plugins.
Preloading 0 native plugins for Editor in 0.00 ms.
Mono: successfully reloaded assembly
- Completed reload, in  1.010 seconds
Platform modules already initialized, skipping
Refreshing native plugins compatible for Editor in 0.99 ms, found 2 plugins.
Preloading 0 native plugins for Editor in 0.00 ms.
Unloading 3819 Unused Serialized files (Serialized files now loaded: 0)
System memory in use before: 150.2 MB.
System memory in use after: 149.8 MB.

Unloading 31 unused Assets to reduce memory usage. Loaded Objects now: 4318.
Total: 2.967600 ms (FindLiveObjects: 0.403100 ms CreateObjectMapping: 0.098900 ms MarkObjects: 2.158300 ms  DeleteObjects: 0.306600 ms)

========================================================================
Received Prepare
Registering precompiled user dll's ...
Registered in 0.005779 seconds.
Begin MonoManager ReloadAssembly
Native extension for WindowsStandalone target not found
Native extension for WebGL target not found
Refreshing native plugins compatible for Editor in 1.16 ms, found 2 plugins.
Preloading 0 native plugins for Editor in 0.00 ms.
Mono: successfully reloaded assembly
- Completed reload, in  1.500 seconds
Platform modules already initialized, skipping
Refreshing native plugins compatible for Editor in 1.08 ms, found 2 plugins.
Preloading 0 native plugins for Editor in 0.00 ms.
Unloading 3819 Unused Serialized files (Serialized files now loaded: 0)
System memory in use before: 150.2 MB.
System memory in use after: 149.8 MB.

Unloading 31 unused Assets to reduce memory usage. Loaded Objects now: 4322.
Total: 9.438000 ms (FindLiveObjects: 0.822700 ms CreateObjectMapping: 0.285300 ms MarkObjects: 7.575000 ms  DeleteObjects: 0.753700 ms)

AssetImportWorkerClient::OnTransportError - code=2 error=End of file
