Using pre-set license
Built from '2021.1/staging' branch; Version is '2021.1.3f1 (4bef613afd59) revision 4976481'; Using compiler version '192528614'; Build Type 'Release'
OS: 'Windows 10 Home; OS build 19042.928; Version 2009; 64bit' Language: 'en' Physical Memory: 16309 MB
BatchMode: 1, IsHumanControllingUs: 0, StartBugReporterOnCrash: 0, Is64bit: 1, IsPro: 0

 COMMAND LINE ARGUMENTS:
C:\Program Files\Unity\Hub\Editor\2021.1.3f1\Editor\Unity.exe
-adb2
-batchMode
-noUpm
-name
AssetImportWorker0
-projectPath
C:/Users/hdunp/Documents/GameDev/Unity/GitHub/MultiplayerTest
-logFile
Logs/AssetImportWorker0.log
-srvPort
56735
Successfully changed project path to: C:/Users/hdunp/Documents/GameDev/Unity/GitHub/MultiplayerTest
C:/Users/hdunp/Documents/GameDev/Unity/GitHub/MultiplayerTest
Using Asset Import Pipeline V2.
Refreshing native plugins compatible for Editor in 116.61 ms, found 2 plugins.
Preloading 0 native plugins for Editor in 0.00 ms.
Initialize engine version: 2021.1.3f1 (4bef613afd59)
[Subsystems] Discovering subsystems at path C:/Program Files/Unity/Hub/Editor/2021.1.3f1/Editor/Data/Resources/UnitySubsystems
[Subsystems] Discovering subsystems at path C:/Users/hdunp/Documents/GameDev/Unity/GitHub/MultiplayerTest/Assets
GfxDevice: creating device client; threaded=0; jobified=0
Direct3D:
    Version:  Direct3D 11.0 [level 11.1]
    Renderer: NVIDIA GeForce GTX 1660 SUPER (ID=0x21c4)
    Vendor:   NVIDIA
    VRAM:     5991 MB
    Driver:   27.21.14.5671
Initialize mono
Mono path[0] = 'C:/Program Files/Unity/Hub/Editor/2021.1.3f1/Editor/Data/Managed'
Mono path[1] = 'C:/Program Files/Unity/Hub/Editor/2021.1.3f1/Editor/Data/MonoBleedingEdge/lib/mono/unityjit'
Mono config path = 'C:/Program Files/Unity/Hub/Editor/2021.1.3f1/Editor/Data/MonoBleedingEdge/etc'
Using monoOptions --debugger-agent=transport=dt_socket,embedding=1,server=y,suspend=n,address=127.0.0.1:56896
Begin MonoManager ReloadAssembly
Registering precompiled unity dll's ...
Register platform support module: C:/Program Files/Unity/Hub/Editor/2021.1.3f1/Editor/Data/PlaybackEngines/WebGLSupport/UnityEditor.WebGL.Extensions.dll
Register platform support module: C:/Program Files/Unity/Hub/Editor/2021.1.3f1/Editor/Data/PlaybackEngines/WindowsStandaloneSupport/UnityEditor.WindowsStandalone.Extensions.dll
Registered in 0.002109 seconds.
Native extension for WindowsStandalone target not found
Native extension for WebGL target not found
Refreshing native plugins compatible for Editor in 126.28 ms, found 2 plugins.
Preloading 0 native plugins for Editor in 0.00 ms.
Mono: successfully reloaded assembly
- Completed reload, in  1.598 seconds
Platform modules already initialized, skipping
Registering precompiled user dll's ...
Registered in 0.005036 seconds.
Begin MonoManager ReloadAssembly
Native extension for WindowsStandalone target not found
Native extension for WebGL target not found
Refreshing native plugins compatible for Editor in 111.67 ms, found 2 plugins.
Preloading 0 native plugins for Editor in 0.00 ms.
Mono: successfully reloaded assembly
- Completed reload, in  1.500 seconds
Platform modules already initialized, skipping
========================================================================
Worker process is ready to serve import requests
Launched and connected shader compiler UnityShaderCompiler.exe after 0.04 seconds
Refreshing native plugins compatible for Editor in 1.49 ms, found 2 plugins.
Preloading 0 native plugins for Editor in 0.00 ms.
Unloading 3807 Unused Serialized files (Serialized files now loaded: 0)
System memory in use before: 143.6 MB.
System memory in use after: 143.8 MB.

Unloading 32 unused Assets to reduce memory usage. Loaded Objects now: 4262.
Total: 3.475600 ms (FindLiveObjects: 0.546700 ms CreateObjectMapping: 0.094000 ms MarkObjects: 2.684100 ms  DeleteObjects: 0.148600 ms)

========================================================================
Received Import Request.
  path: Assets/Scripts/Player/PlayerController.cs
  artifactKey: Guid(969daa4e82827b74088cb48bd1582ed4) Importer(815301076,1909f56bfc062723c751e8b465ee728b)
Start importing Assets/Scripts/Player/PlayerController.cs using Guid(969daa4e82827b74088cb48bd1582ed4) Importer(815301076,1909f56bfc062723c751e8b465ee728b)  -> (artifact id: '15716acc844da773576e57a6f357b821') in 0.030147 seconds 
========================================================================
Received Import Request.
  Time since last request: 165.738772 seconds.
  path: Assets/Scripts/Player/PlayerController.cs
  artifactKey: Guid(969daa4e82827b74088cb48bd1582ed4) Importer(815301076,1909f56bfc062723c751e8b465ee728b)
Start importing Assets/Scripts/Player/PlayerController.cs using Guid(969daa4e82827b74088cb48bd1582ed4) Importer(815301076,1909f56bfc062723c751e8b465ee728b)  -> (artifact id: '4fd5bfd37b227ceb090c377f765bd6d5') in 0.002382 seconds 
========================================================================
Received Import Request.
  Time since last request: 23.187735 seconds.
  path: Assets/Scripts/Player/PlayerController.cs
  artifactKey: Guid(969daa4e82827b74088cb48bd1582ed4) Importer(815301076,1909f56bfc062723c751e8b465ee728b)
Start importing Assets/Scripts/Player/PlayerController.cs using Guid(969daa4e82827b74088cb48bd1582ed4) Importer(815301076,1909f56bfc062723c751e8b465ee728b)  -> (artifact id: 'dc09eb41967aa7d39b421eda875e1a55') in 0.002445 seconds 
========================================================================
Received Prepare
Registering precompiled user dll's ...
Registered in 0.004778 seconds.
Begin MonoManager ReloadAssembly
Native extension for WindowsStandalone target not found
Native extension for WebGL target not found
Refreshing native plugins compatible for Editor in 0.95 ms, found 2 plugins.
Preloading 0 native plugins for Editor in 0.00 ms.
Mono: successfully reloaded assembly
- Completed reload, in  1.012 seconds
Platform modules already initialized, skipping
Refreshing native plugins compatible for Editor in 1.15 ms, found 2 plugins.
Preloading 0 native plugins for Editor in 0.00 ms.
Unloading 3799 Unused Serialized files (Serialized files now loaded: 0)
System memory in use before: 143.5 MB.
System memory in use after: 143.7 MB.

Unloading 18 unused Assets to reduce memory usage. Loaded Objects now: 4266.
Total: 2.721700 ms (FindLiveObjects: 0.421400 ms CreateObjectMapping: 0.091200 ms MarkObjects: 2.139600 ms  DeleteObjects: 0.068200 ms)

========================================================================
Received Import Request.
  Time since last request: 1516.759591 seconds.
  path: Assets/Prefabs/Player.prefab
  artifactKey: Guid(7f79e53f2799a8f4b865361c64b24bd0) Importer(815301076,1909f56bfc062723c751e8b465ee728b)
Start importing Assets/Prefabs/Player.prefab using Guid(7f79e53f2799a8f4b865361c64b24bd0) Importer(815301076,1909f56bfc062723c751e8b465ee728b)  -> (artifact id: 'dc0a83ddbeb852737e940217d692dac3') in 0.097828 seconds 
========================================================================
Received Prepare
Registering precompiled user dll's ...
Registered in 0.004641 seconds.
Begin MonoManager ReloadAssembly
Native extension for WindowsStandalone target not found
Native extension for WebGL target not found
Refreshing native plugins compatible for Editor in 1.72 ms, found 2 plugins.
Preloading 0 native plugins for Editor in 0.00 ms.
Mono: successfully reloaded assembly
- Completed reload, in  1.270 seconds
Platform modules already initialized, skipping
Refreshing native plugins compatible for Editor in 0.95 ms, found 2 plugins.
Preloading 0 native plugins for Editor in 0.00 ms.
Unloading 3799 Unused Serialized files (Serialized files now loaded: 0)
System memory in use before: 147.7 MB.
System memory in use after: 147.9 MB.

Unloading 18 unused Assets to reduce memory usage. Loaded Objects now: 4277.
Total: 3.383000 ms (FindLiveObjects: 0.650700 ms CreateObjectMapping: 0.127600 ms MarkObjects: 2.527200 ms  DeleteObjects: 0.076000 ms)

========================================================================
Received Prepare
Refreshing native plugins compatible for Editor in 3.68 ms, found 2 plugins.
Preloading 0 native plugins for Editor in 0.00 ms.
Unloading 16 Unused Serialized files (Serialized files now loaded: 0)
System memory in use before: 72.8 MB.
System memory in use after: 73.0 MB.

Unloading 16 unused Assets to reduce memory usage. Loaded Objects now: 4277.
Total: 2.636300 ms (FindLiveObjects: 0.403800 ms CreateObjectMapping: 0.100100 ms MarkObjects: 2.064800 ms  DeleteObjects: 0.066700 ms)

========================================================================
Received Prepare
Registering precompiled user dll's ...
Registered in 0.005271 seconds.
Begin MonoManager ReloadAssembly
Native extension for WindowsStandalone target not found
Native extension for WebGL target not found
Refreshing native plugins compatible for Editor in 0.96 ms, found 2 plugins.
Preloading 0 native plugins for Editor in 0.00 ms.
Mono: successfully reloaded assembly
- Completed reload, in  1.101 seconds
Platform modules already initialized, skipping
Refreshing native plugins compatible for Editor in 0.95 ms, found 2 plugins.
Preloading 0 native plugins for Editor in 0.00 ms.
Unloading 3799 Unused Serialized files (Serialized files now loaded: 0)
System memory in use before: 147.7 MB.
System memory in use after: 147.9 MB.

Unloading 18 unused Assets to reduce memory usage. Loaded Objects now: 4281.
Total: 2.932800 ms (FindLiveObjects: 0.445100 ms CreateObjectMapping: 0.103400 ms MarkObjects: 2.312100 ms  DeleteObjects: 0.071200 ms)

========================================================================
Received Prepare
Registering precompiled user dll's ...
Registered in 0.004888 seconds.
Begin MonoManager ReloadAssembly
Native extension for WindowsStandalone target not found
Native extension for WebGL target not found
Refreshing native plugins compatible for Editor in 1.08 ms, found 2 plugins.
Preloading 0 native plugins for Editor in 0.00 ms.
Mono: successfully reloaded assembly
- Completed reload, in  0.974 seconds
Platform modules already initialized, skipping
Refreshing native plugins compatible for Editor in 1.03 ms, found 2 plugins.
Preloading 0 native plugins for Editor in 0.00 ms.
Unloading 3799 Unused Serialized files (Serialized files now loaded: 0)
System memory in use before: 147.8 MB.
System memory in use after: 148.0 MB.

Unloading 18 unused Assets to reduce memory usage. Loaded Objects now: 4285.
Total: 3.191700 ms (FindLiveObjects: 0.505000 ms CreateObjectMapping: 0.108900 ms MarkObjects: 2.493200 ms  DeleteObjects: 0.083700 ms)

========================================================================
Received Prepare
Registering precompiled user dll's ...
Registered in 0.004966 seconds.
Begin MonoManager ReloadAssembly
Native extension for WindowsStandalone target not found
Native extension for WebGL target not found
Refreshing native plugins compatible for Editor in 0.96 ms, found 2 plugins.
Preloading 0 native plugins for Editor in 0.00 ms.
Mono: successfully reloaded assembly
- Completed reload, in  0.992 seconds
Platform modules already initialized, skipping
Refreshing native plugins compatible for Editor in 1.07 ms, found 2 plugins.
Preloading 0 native plugins for Editor in 0.00 ms.
Unloading 3799 Unused Serialized files (Serialized files now loaded: 0)
System memory in use before: 147.8 MB.
System memory in use after: 148.0 MB.

Unloading 18 unused Assets to reduce memory usage. Loaded Objects now: 4289.
Total: 3.282100 ms (FindLiveObjects: 0.537000 ms CreateObjectMapping: 0.136200 ms MarkObjects: 2.528300 ms  DeleteObjects: 0.079700 ms)

========================================================================
Received Prepare
Registering precompiled user dll's ...
Registered in 0.004860 seconds.
Begin MonoManager ReloadAssembly
Native extension for WindowsStandalone target not found
Native extension for WebGL target not found
Refreshing native plugins compatible for Editor in 0.90 ms, found 2 plugins.
Preloading 0 native plugins for Editor in 0.00 ms.
Mono: successfully reloaded assembly
- Completed reload, in  1.259 seconds
Platform modules already initialized, skipping
Refreshing native plugins compatible for Editor in 1.18 ms, found 2 plugins.
Preloading 0 native plugins for Editor in 0.00 ms.
Unloading 3799 Unused Serialized files (Serialized files now loaded: 0)
System memory in use before: 147.8 MB.
System memory in use after: 148.0 MB.

Unloading 18 unused Assets to reduce memory usage. Loaded Objects now: 4293.
Total: 2.840000 ms (FindLiveObjects: 0.523300 ms CreateObjectMapping: 0.099200 ms MarkObjects: 2.141000 ms  DeleteObjects: 0.075500 ms)

========================================================================
Received Prepare
Refreshing native plugins compatible for Editor in 3.70 ms, found 2 plugins.
Preloading 0 native plugins for Editor in 0.00 ms.
Unloading 16 Unused Serialized files (Serialized files now loaded: 0)
System memory in use before: 72.9 MB.
System memory in use after: 73.1 MB.

Unloading 16 unused Assets to reduce memory usage. Loaded Objects now: 4293.
Total: 2.848500 ms (FindLiveObjects: 0.391400 ms CreateObjectMapping: 0.102900 ms MarkObjects: 2.269900 ms  DeleteObjects: 0.083400 ms)

========================================================================
Received Prepare
Registering precompiled user dll's ...
Registered in 0.005261 seconds.
Begin MonoManager ReloadAssembly
Native extension for WindowsStandalone target not found
Native extension for WebGL target not found
Refreshing native plugins compatible for Editor in 1.07 ms, found 2 plugins.
Preloading 0 native plugins for Editor in 0.00 ms.
Mono: successfully reloaded assembly
- Completed reload, in  1.115 seconds
Platform modules already initialized, skipping
Refreshing native plugins compatible for Editor in 0.99 ms, found 2 plugins.
Preloading 0 native plugins for Editor in 0.00 ms.
Unloading 3799 Unused Serialized files (Serialized files now loaded: 0)
System memory in use before: 147.8 MB.
System memory in use after: 148.0 MB.

Unloading 18 unused Assets to reduce memory usage. Loaded Objects now: 4297.
Total: 3.008500 ms (FindLiveObjects: 0.441400 ms CreateObjectMapping: 0.114500 ms MarkObjects: 2.382300 ms  DeleteObjects: 0.069400 ms)

========================================================================
Received Import Request.
  Time since last request: 5589.123149 seconds.
  path: Assets/Scripts/Player/PlayerShootController.cs
  artifactKey: Guid(dcf3e65f4b844d34199dee927d03e0a5) Importer(815301076,1909f56bfc062723c751e8b465ee728b)
Start importing Assets/Scripts/Player/PlayerShootController.cs using Guid(dcf3e65f4b844d34199dee927d03e0a5) Importer(815301076,1909f56bfc062723c751e8b465ee728b)  -> (artifact id: '29a117960bdd700ebf20e5091ffd8672') in 0.013555 seconds 
========================================================================
Received Prepare
Registering precompiled user dll's ...
Registered in 0.005231 seconds.
Begin MonoManager ReloadAssembly
Native extension for WindowsStandalone target not found
Native extension for WebGL target not found
Refreshing native plugins compatible for Editor in 0.87 ms, found 2 plugins.
Preloading 0 native plugins for Editor in 0.00 ms.
Mono: successfully reloaded assembly
- Completed reload, in  0.954 seconds
Platform modules already initialized, skipping
Refreshing native plugins compatible for Editor in 0.89 ms, found 2 plugins.
Preloading 0 native plugins for Editor in 0.00 ms.
Unloading 3800 Unused Serialized files (Serialized files now loaded: 0)
System memory in use before: 147.8 MB.
System memory in use after: 148.0 MB.

Unloading 18 unused Assets to reduce memory usage. Loaded Objects now: 4302.
Total: 3.253700 ms (FindLiveObjects: 0.599300 ms CreateObjectMapping: 0.129600 ms MarkObjects: 2.447500 ms  DeleteObjects: 0.076300 ms)

========================================================================
Received Prepare
Registering precompiled user dll's ...
Registered in 0.005059 seconds.
Begin MonoManager ReloadAssembly
Native extension for WindowsStandalone target not found
Native extension for WebGL target not found
Refreshing native plugins compatible for Editor in 0.90 ms, found 2 plugins.
Preloading 0 native plugins for Editor in 0.00 ms.
Mono: successfully reloaded assembly
- Completed reload, in  1.008 seconds
Platform modules already initialized, skipping
Refreshing native plugins compatible for Editor in 0.95 ms, found 2 plugins.
Preloading 0 native plugins for Editor in 0.00 ms.
Unloading 3800 Unused Serialized files (Serialized files now loaded: 0)
System memory in use before: 147.8 MB.
System memory in use after: 148.0 MB.

Unloading 18 unused Assets to reduce memory usage. Loaded Objects now: 4306.
Total: 3.330100 ms (FindLiveObjects: 0.495600 ms CreateObjectMapping: 0.109700 ms MarkObjects: 2.648000 ms  DeleteObjects: 0.075600 ms)

========================================================================
Received Import Request.
  Time since last request: 56.363623 seconds.
  path: Assets/Scripts/Player/PlayerShootController.cs
  artifactKey: Guid(dcf3e65f4b844d34199dee927d03e0a5) Importer(815301076,1909f56bfc062723c751e8b465ee728b)
Start importing Assets/Scripts/Player/PlayerShootController.cs using Guid(dcf3e65f4b844d34199dee927d03e0a5) Importer(815301076,1909f56bfc062723c751e8b465ee728b)  -> (artifact id: '95fb182b2e0d834d8fc8f2af476349e2') in 0.008134 seconds 
========================================================================
Received Import Request.
  Time since last request: 8.587036 seconds.
  path: Assets/Scripts/Projectiles/IShootable.cs
  artifactKey: Guid(e347cbd32b263ea40b48e20db75ef91d) Importer(815301076,1909f56bfc062723c751e8b465ee728b)
Start importing Assets/Scripts/Projectiles/IShootable.cs using Guid(e347cbd32b263ea40b48e20db75ef91d) Importer(815301076,1909f56bfc062723c751e8b465ee728b)  -> (artifact id: 'f028ed2b6dc5845cfbd82c64933f2049') in 0.007709 seconds 
========================================================================
Received Prepare
Registering precompiled user dll's ...
Registered in 0.062859 seconds.
Begin MonoManager ReloadAssembly
Native extension for WindowsStandalone target not found
Native extension for WebGL target not found
Refreshing native plugins compatible for Editor in 0.95 ms, found 2 plugins.
Preloading 0 native plugins for Editor in 0.00 ms.
Mono: successfully reloaded assembly
- Completed reload, in  1.052 seconds
Platform modules already initialized, skipping
Refreshing native plugins compatible for Editor in 1.09 ms, found 2 plugins.
Preloading 0 native plugins for Editor in 0.00 ms.
Unloading 3801 Unused Serialized files (Serialized files now loaded: 0)
System memory in use before: 147.9 MB.
System memory in use after: 148.1 MB.

Unloading 18 unused Assets to reduce memory usage. Loaded Objects now: 4311.
Total: 2.870500 ms (FindLiveObjects: 0.445800 ms CreateObjectMapping: 0.101200 ms MarkObjects: 2.149700 ms  DeleteObjects: 0.172200 ms)

========================================================================
Received Import Request.
  Time since last request: 1912.321321 seconds.
  path: Assets/Scripts/Projectiles/IShootable.cs
  artifactKey: Guid(e347cbd32b263ea40b48e20db75ef91d) Importer(815301076,1909f56bfc062723c751e8b465ee728b)
Start importing Assets/Scripts/Projectiles/IShootable.cs using Guid(e347cbd32b263ea40b48e20db75ef91d) Importer(815301076,1909f56bfc062723c751e8b465ee728b)  -> (artifact id: 'd3d7c8c9ccb8b4c3685065138e2b0128') in 0.012713 seconds 
========================================================================
Received Import Request.
  Time since last request: 140.142226 seconds.
  path: Assets/Prefabs/Player.prefab
  artifactKey: Guid(7f79e53f2799a8f4b865361c64b24bd0) Importer(815301076,1909f56bfc062723c751e8b465ee728b)
Start importing Assets/Prefabs/Player.prefab using Guid(7f79e53f2799a8f4b865361c64b24bd0) Importer(815301076,1909f56bfc062723c751e8b465ee728b)  -> (artifact id: '75f725767d13a6b941ec42e458882ee1') in 0.122761 seconds 
========================================================================
Received Import Request.
  Time since last request: 31.286926 seconds.
  path: Assets/Prefabs/Player.prefab
  artifactKey: Guid(7f79e53f2799a8f4b865361c64b24bd0) Importer(815301076,1909f56bfc062723c751e8b465ee728b)
Start importing Assets/Prefabs/Player.prefab using Guid(7f79e53f2799a8f4b865361c64b24bd0) Importer(815301076,1909f56bfc062723c751e8b465ee728b)  -> (artifact id: '2029303973fb34accc72e22041f661fe') in 0.013983 seconds 
========================================================================
Received Prepare
Registering precompiled user dll's ...
Registered in 0.005204 seconds.
Begin MonoManager ReloadAssembly
Native extension for WindowsStandalone target not found
Native extension for WebGL target not found
Refreshing native plugins compatible for Editor in 0.97 ms, found 2 plugins.
Preloading 0 native plugins for Editor in 0.00 ms.
Mono: successfully reloaded assembly
- Completed reload, in  1.109 seconds
Platform modules already initialized, skipping
Refreshing native plugins compatible for Editor in 1.10 ms, found 2 plugins.
Preloading 0 native plugins for Editor in 0.00 ms.
Unloading 3801 Unused Serialized files (Serialized files now loaded: 0)
System memory in use before: 147.9 MB.
System memory in use after: 148.1 MB.

Unloading 18 unused Assets to reduce memory usage. Loaded Objects now: 4316.
Total: 3.444100 ms (FindLiveObjects: 0.471400 ms CreateObjectMapping: 0.103400 ms MarkObjects: 2.795800 ms  DeleteObjects: 0.072300 ms)

========================================================================
Received Prepare
Registering precompiled user dll's ...
Registered in 0.004829 seconds.
Begin MonoManager ReloadAssembly
Native extension for WindowsStandalone target not found
Native extension for WebGL target not found
Refreshing native plugins compatible for Editor in 0.95 ms, found 2 plugins.
Preloading 0 native plugins for Editor in 0.00 ms.
Mono: successfully reloaded assembly
- Completed reload, in  0.979 seconds
Platform modules already initialized, skipping
Refreshing native plugins compatible for Editor in 0.88 ms, found 2 plugins.
Preloading 0 native plugins for Editor in 0.00 ms.
Unloading 3801 Unused Serialized files (Serialized files now loaded: 0)
System memory in use before: 147.9 MB.
System memory in use after: 148.1 MB.

Unloading 18 unused Assets to reduce memory usage. Loaded Objects now: 4320.
Total: 2.942600 ms (FindLiveObjects: 0.368500 ms CreateObjectMapping: 0.098200 ms MarkObjects: 2.390000 ms  DeleteObjects: 0.084500 ms)

========================================================================
Received Prepare
Registering precompiled user dll's ...
Registered in 0.004770 seconds.
Begin MonoManager ReloadAssembly
Native extension for WindowsStandalone target not found
Native extension for WebGL target not found
Refreshing native plugins compatible for Editor in 0.88 ms, found 2 plugins.
Preloading 0 native plugins for Editor in 0.00 ms.
Mono: successfully reloaded assembly
- Completed reload, in  0.997 seconds
Platform modules already initialized, skipping
Refreshing native plugins compatible for Editor in 1.21 ms, found 2 plugins.
Preloading 0 native plugins for Editor in 0.00 ms.
Unloading 3801 Unused Serialized files (Serialized files now loaded: 0)
System memory in use before: 147.9 MB.
System memory in use after: 148.1 MB.

Unloading 18 unused Assets to reduce memory usage. Loaded Objects now: 4324.
Total: 2.921300 ms (FindLiveObjects: 0.550000 ms CreateObjectMapping: 0.119600 ms MarkObjects: 2.179000 ms  DeleteObjects: 0.071800 ms)

========================================================================
Received Import Request.
  Time since last request: 978.740111 seconds.
  path: Assets/Prefabs/Player.prefab
  artifactKey: Guid(7f79e53f2799a8f4b865361c64b24bd0) Importer(815301076,1909f56bfc062723c751e8b465ee728b)
Start importing Assets/Prefabs/Player.prefab using Guid(7f79e53f2799a8f4b865361c64b24bd0) Importer(815301076,1909f56bfc062723c751e8b465ee728b)  -> (artifact id: 'b77bb5ed5efc85244d0f9cafa6e96347') in 0.069564 seconds 
========================================================================
Received Prepare
Registering precompiled user dll's ...
Registered in 0.005225 seconds.
Begin MonoManager ReloadAssembly
Native extension for WindowsStandalone target not found
Native extension for WebGL target not found
Refreshing native plugins compatible for Editor in 1.10 ms, found 2 plugins.
Preloading 0 native plugins for Editor in 0.00 ms.
Mono: successfully reloaded assembly
- Completed reload, in  0.945 seconds
Platform modules already initialized, skipping
Refreshing native plugins compatible for Editor in 0.89 ms, found 2 plugins.
Preloading 0 native plugins for Editor in 0.00 ms.
Unloading 3801 Unused Serialized files (Serialized files now loaded: 0)
System memory in use before: 147.9 MB.
System memory in use after: 148.1 MB.

Unloading 18 unused Assets to reduce memory usage. Loaded Objects now: 4329.
Total: 2.833000 ms (FindLiveObjects: 0.533300 ms CreateObjectMapping: 0.103400 ms MarkObjects: 2.127500 ms  DeleteObjects: 0.067600 ms)

========================================================================
Received Import Request.
  Time since last request: 9.038464 seconds.
  path: Assets/Prefabs/Player Object.prefab
  artifactKey: Guid(f92e6a277910fe34da99dda8f6bf2bdf) Importer(815301076,1909f56bfc062723c751e8b465ee728b)
Start importing Assets/Prefabs/Player Object.prefab using Guid(f92e6a277910fe34da99dda8f6bf2bdf) Importer(815301076,1909f56bfc062723c751e8b465ee728b)  -> (artifact id: 'ce292b3bdf8ebe78e80677ed02d49284') in 0.070327 seconds 
========================================================================
Received Import Request.
  Time since last request: 11.725772 seconds.
  path: Assets/Prefabs/Player Object.prefab
  artifactKey: Guid(f92e6a277910fe34da99dda8f6bf2bdf) Importer(815301076,1909f56bfc062723c751e8b465ee728b)
Start importing Assets/Prefabs/Player Object.prefab using Guid(f92e6a277910fe34da99dda8f6bf2bdf) Importer(815301076,1909f56bfc062723c751e8b465ee728b)  -> (artifact id: 'ccb524ff29e346243393fc243fb03d6c') in 0.013569 seconds 
========================================================================
Received Prepare
Registering precompiled user dll's ...
Registered in 0.004744 seconds.
Begin MonoManager ReloadAssembly
Native extension for WindowsStandalone target not found
Native extension for WebGL target not found
Refreshing native plugins compatible for Editor in 1.00 ms, found 2 plugins.
Preloading 0 native plugins for Editor in 0.00 ms.
Mono: successfully reloaded assembly
- Completed reload, in  0.953 seconds
Platform modules already initialized, skipping
Refreshing native plugins compatible for Editor in 0.89 ms, found 2 plugins.
Preloading 0 native plugins for Editor in 0.00 ms.
Unloading 3801 Unused Serialized files (Serialized files now loaded: 0)
System memory in use before: 148.0 MB.
System memory in use after: 148.2 MB.

Unloading 18 unused Assets to reduce memory usage. Loaded Objects now: 4334.
Total: 2.689500 ms (FindLiveObjects: 0.416400 ms CreateObjectMapping: 0.098700 ms MarkObjects: 2.106100 ms  DeleteObjects: 0.067300 ms)

========================================================================
Received Prepare
Refreshing native plugins compatible for Editor in 3.76 ms, found 2 plugins.
Preloading 0 native plugins for Editor in 0.00 ms.
Unloading 16 Unused Serialized files (Serialized files now loaded: 0)
System memory in use before: 73.0 MB.
System memory in use after: 73.2 MB.

Unloading 16 unused Assets to reduce memory usage. Loaded Objects now: 4334.
Total: 2.731100 ms (FindLiveObjects: 0.387000 ms CreateObjectMapping: 0.104100 ms MarkObjects: 2.174500 ms  DeleteObjects: 0.064900 ms)

========================================================================
Received Prepare
Registering precompiled user dll's ...
Registered in 0.004726 seconds.
Begin MonoManager ReloadAssembly
Native extension for WindowsStandalone target not found
Native extension for WebGL target not found
Refreshing native plugins compatible for Editor in 0.97 ms, found 2 plugins.
Preloading 0 native plugins for Editor in 0.00 ms.
Mono: successfully reloaded assembly
- Completed reload, in  1.093 seconds
Platform modules already initialized, skipping
Refreshing native plugins compatible for Editor in 0.97 ms, found 2 plugins.
Preloading 0 native plugins for Editor in 0.00 ms.
Unloading 3801 Unused Serialized files (Serialized files now loaded: 0)
System memory in use before: 148.0 MB.
System memory in use after: 148.2 MB.

Unloading 18 unused Assets to reduce memory usage. Loaded Objects now: 4338.
Total: 2.858800 ms (FindLiveObjects: 0.431600 ms CreateObjectMapping: 0.091600 ms MarkObjects: 2.251900 ms  DeleteObjects: 0.082200 ms)

========================================================================
Received Import Request.
  Time since last request: 236.369059 seconds.
  path: Assets/Prefabs/Player Object.prefab
  artifactKey: Guid(f92e6a277910fe34da99dda8f6bf2bdf) Importer(815301076,1909f56bfc062723c751e8b465ee728b)
Start importing Assets/Prefabs/Player Object.prefab using Guid(f92e6a277910fe34da99dda8f6bf2bdf) Importer(815301076,1909f56bfc062723c751e8b465ee728b)  -> (artifact id: '76057c6fed27825b0e9ade2ba4da6ef1') in 0.072320 seconds 
========================================================================
Received Prepare
Registering precompiled user dll's ...
Registered in 0.004884 seconds.
Begin MonoManager ReloadAssembly
Native extension for WindowsStandalone target not found
Native extension for WebGL target not found
Refreshing native plugins compatible for Editor in 1.51 ms, found 2 plugins.
Preloading 0 native plugins for Editor in 0.00 ms.
Mono: successfully reloaded assembly
- Completed reload, in  1.157 seconds
Platform modules already initialized, skipping
Refreshing native plugins compatible for Editor in 0.87 ms, found 2 plugins.
Preloading 0 native plugins for Editor in 0.00 ms.
Unloading 3801 Unused Serialized files (Serialized files now loaded: 0)
System memory in use before: 148.0 MB.
System memory in use after: 148.2 MB.

Unloading 18 unused Assets to reduce memory usage. Loaded Objects now: 4343.
Total: 4.318500 ms (FindLiveObjects: 0.375600 ms CreateObjectMapping: 0.098500 ms MarkObjects: 3.766600 ms  DeleteObjects: 0.076700 ms)

========================================================================
Received Import Request.
  Time since last request: 78875.616800 seconds.
  path: Assets/Scripts/Player/ClientEventSystem.cs
  artifactKey: Guid(aeda6698561413041b673d3aba32dfed) Importer(815301076,1909f56bfc062723c751e8b465ee728b)
Start importing Assets/Scripts/Player/ClientEventSystem.cs using Guid(aeda6698561413041b673d3aba32dfed) Importer(815301076,1909f56bfc062723c751e8b465ee728b)  -> (artifact id: '8a99f8921926893f5c860177c10095d4') in 0.014409 seconds 
========================================================================
Received Prepare
Registering precompiled user dll's ...
Registered in 0.005021 seconds.
Begin MonoManager ReloadAssembly
Native extension for WindowsStandalone target not found
Native extension for WebGL target not found
Refreshing native plugins compatible for Editor in 0.90 ms, found 2 plugins.
Preloading 0 native plugins for Editor in 0.00 ms.
Mono: successfully reloaded assembly
- Completed reload, in  1.012 seconds
Platform modules already initialized, skipping
Refreshing native plugins compatible for Editor in 1.13 ms, found 2 plugins.
Preloading 0 native plugins for Editor in 0.00 ms.
Unloading 3802 Unused Serialized files (Serialized files now loaded: 0)
System memory in use before: 148.0 MB.
System memory in use after: 148.2 MB.

Unloading 18 unused Assets to reduce memory usage. Loaded Objects now: 4348.
Total: 3.691400 ms (FindLiveObjects: 0.607500 ms CreateObjectMapping: 0.366400 ms MarkObjects: 2.625200 ms  DeleteObjects: 0.090200 ms)

========================================================================
Received Prepare
Registering precompiled user dll's ...
Registered in 0.004843 seconds.
Begin MonoManager ReloadAssembly
Native extension for WindowsStandalone target not found
Native extension for WebGL target not found
Refreshing native plugins compatible for Editor in 1.40 ms, found 2 plugins.
Preloading 0 native plugins for Editor in 0.00 ms.
Mono: successfully reloaded assembly
- Completed reload, in  0.969 seconds
Platform modules already initialized, skipping
Refreshing native plugins compatible for Editor in 0.95 ms, found 2 plugins.
Preloading 0 native plugins for Editor in 0.00 ms.
Unloading 3802 Unused Serialized files (Serialized files now loaded: 0)
System memory in use before: 148.0 MB.
System memory in use after: 148.2 MB.

Unloading 18 unused Assets to reduce memory usage. Loaded Objects now: 4352.
Total: 2.881500 ms (FindLiveObjects: 0.389800 ms CreateObjectMapping: 0.097900 ms MarkObjects: 2.326800 ms  DeleteObjects: 0.066100 ms)

========================================================================
Received Prepare
Registering precompiled user dll's ...
Registered in 0.005192 seconds.
Begin MonoManager ReloadAssembly
Native extension for WindowsStandalone target not found
Native extension for WebGL target not found
Refreshing native plugins compatible for Editor in 1.00 ms, found 2 plugins.
Preloading 0 native plugins for Editor in 0.00 ms.
Mono: successfully reloaded assembly
- Completed reload, in  1.008 seconds
Platform modules already initialized, skipping
Refreshing native plugins compatible for Editor in 0.89 ms, found 2 plugins.
Preloading 0 native plugins for Editor in 0.00 ms.
Unloading 3802 Unused Serialized files (Serialized files now loaded: 0)
System memory in use before: 148.0 MB.
System memory in use after: 148.2 MB.

Unloading 18 unused Assets to reduce memory usage. Loaded Objects now: 4356.
Total: 2.663900 ms (FindLiveObjects: 0.399800 ms CreateObjectMapping: 0.099000 ms MarkObjects: 2.095900 ms  DeleteObjects: 0.068100 ms)

========================================================================
Received Prepare
Registering precompiled user dll's ...
Registered in 0.004780 seconds.
Begin MonoManager ReloadAssembly
Native extension for WindowsStandalone target not found
Native extension for WebGL target not found
Refreshing native plugins compatible for Editor in 1.00 ms, found 2 plugins.
Preloading 0 native plugins for Editor in 0.00 ms.
Mono: successfully reloaded assembly
- Completed reload, in  0.976 seconds
Platform modules already initialized, skipping
Refreshing native plugins compatible for Editor in 0.89 ms, found 2 plugins.
Preloading 0 native plugins for Editor in 0.00 ms.
Unloading 3802 Unused Serialized files (Serialized files now loaded: 0)
System memory in use before: 148.0 MB.
System memory in use after: 148.2 MB.

Unloading 18 unused Assets to reduce memory usage. Loaded Objects now: 4360.
Total: 3.382700 ms (FindLiveObjects: 0.442600 ms CreateObjectMapping: 0.104100 ms MarkObjects: 2.759300 ms  DeleteObjects: 0.075600 ms)

========================================================================
Received Prepare
Registering precompiled user dll's ...
Registered in 0.004759 seconds.
Begin MonoManager ReloadAssembly
Native extension for WindowsStandalone target not found
Native extension for WebGL target not found
Refreshing native plugins compatible for Editor in 1.05 ms, found 2 plugins.
Preloading 0 native plugins for Editor in 0.00 ms.
Mono: successfully reloaded assembly
- Completed reload, in  1.254 seconds
Platform modules already initialized, skipping
Refreshing native plugins compatible for Editor in 0.90 ms, found 2 plugins.
Preloading 0 native plugins for Editor in 0.00 ms.
Unloading 3802 Unused Serialized files (Serialized files now loaded: 0)
System memory in use before: 148.0 MB.
System memory in use after: 148.2 MB.

Unloading 18 unused Assets to reduce memory usage. Loaded Objects now: 4364.
Total: 2.720300 ms (FindLiveObjects: 0.429100 ms CreateObjectMapping: 0.100000 ms MarkObjects: 2.111000 ms  DeleteObjects: 0.079300 ms)

========================================================================
Received Prepare
Refreshing native plugins compatible for Editor in 4.11 ms, found 2 plugins.
Preloading 0 native plugins for Editor in 0.00 ms.
Unloading 16 Unused Serialized files (Serialized files now loaded: 0)
System memory in use before: 73.1 MB.
System memory in use after: 73.3 MB.

Unloading 16 unused Assets to reduce memory usage. Loaded Objects now: 4364.
Total: 2.725100 ms (FindLiveObjects: 0.419200 ms CreateObjectMapping: 0.099300 ms MarkObjects: 2.136900 ms  DeleteObjects: 0.068900 ms)

========================================================================
Received Prepare
Registering precompiled user dll's ...
Registered in 0.005331 seconds.
Begin MonoManager ReloadAssembly
Native extension for WindowsStandalone target not found
Native extension for WebGL target not found
Refreshing native plugins compatible for Editor in 0.89 ms, found 2 plugins.
Preloading 0 native plugins for Editor in 0.00 ms.
Mono: successfully reloaded assembly
- Completed reload, in  0.970 seconds
Platform modules already initialized, skipping
Refreshing native plugins compatible for Editor in 0.93 ms, found 2 plugins.
Preloading 0 native plugins for Editor in 0.00 ms.
Unloading 3802 Unused Serialized files (Serialized files now loaded: 0)
System memory in use before: 148.1 MB.
System memory in use after: 148.3 MB.

Unloading 18 unused Assets to reduce memory usage. Loaded Objects now: 4368.
Total: 2.733700 ms (FindLiveObjects: 0.416200 ms CreateObjectMapping: 0.104500 ms MarkObjects: 2.144300 ms  DeleteObjects: 0.067700 ms)

========================================================================
Received Prepare
Registering precompiled user dll's ...
Registered in 0.004983 seconds.
Begin MonoManager ReloadAssembly
Native extension for WindowsStandalone target not found
Native extension for WebGL target not found
Refreshing native plugins compatible for Editor in 0.90 ms, found 2 plugins.
Preloading 0 native plugins for Editor in 0.00 ms.
Mono: successfully reloaded assembly
- Completed reload, in  1.216 seconds
Platform modules already initialized, skipping
Refreshing native plugins compatible for Editor in 0.89 ms, found 2 plugins.
Preloading 0 native plugins for Editor in 0.00 ms.
Unloading 3802 Unused Serialized files (Serialized files now loaded: 0)
System memory in use before: 148.1 MB.
System memory in use after: 148.3 MB.

Unloading 18 unused Assets to reduce memory usage. Loaded Objects now: 4372.
Total: 7.888700 ms (FindLiveObjects: 0.619800 ms CreateObjectMapping: 0.097300 ms MarkObjects: 6.770500 ms  DeleteObjects: 0.399800 ms)

========================================================================
Received Prepare
Registering precompiled user dll's ...
Registered in 0.004944 seconds.
Begin MonoManager ReloadAssembly
Native extension for WindowsStandalone target not found
Native extension for WebGL target not found
Refreshing native plugins compatible for Editor in 0.89 ms, found 2 plugins.
Preloading 0 native plugins for Editor in 0.00 ms.
Mono: successfully reloaded assembly
- Completed reload, in  1.009 seconds
Platform modules already initialized, skipping
Refreshing native plugins compatible for Editor in 1.16 ms, found 2 plugins.
Preloading 0 native plugins for Editor in 0.00 ms.
Unloading 3802 Unused Serialized files (Serialized files now loaded: 0)
System memory in use before: 148.1 MB.
System memory in use after: 148.3 MB.

Unloading 18 unused Assets to reduce memory usage. Loaded Objects now: 4376.
Total: 2.885800 ms (FindLiveObjects: 0.486100 ms CreateObjectMapping: 0.093400 ms MarkObjects: 2.230100 ms  DeleteObjects: 0.075300 ms)

========================================================================
Received Import Request.
  Time since last request: 85117.158275 seconds.
  path: Assets/Prefabs/Player Object.prefab
  artifactKey: Guid(f92e6a277910fe34da99dda8f6bf2bdf) Importer(815301076,1909f56bfc062723c751e8b465ee728b)
Start importing Assets/Prefabs/Player Object.prefab using Guid(f92e6a277910fe34da99dda8f6bf2bdf) Importer(815301076,1909f56bfc062723c751e8b465ee728b)  -> (artifact id: '830dd86315656dd79f518e6181b9e9f8') in 0.140293 seconds 
========================================================================
Received Import Request.
  Time since last request: 4.642760 seconds.
  path: Assets/Prefabs/Player Object.prefab
  artifactKey: Guid(f92e6a277910fe34da99dda8f6bf2bdf) Importer(815301076,1909f56bfc062723c751e8b465ee728b)
Start importing Assets/Prefabs/Player Object.prefab using Guid(f92e6a277910fe34da99dda8f6bf2bdf) Importer(815301076,1909f56bfc062723c751e8b465ee728b)  -> (artifact id: '56f909cbab5dc85e8fbc71dbc78bbfed') in 0.013872 seconds 
========================================================================
Received Import Request.
  Time since last request: 8.597597 seconds.
  path: Assets/Prefabs/Player Object.prefab
  artifactKey: Guid(f92e6a277910fe34da99dda8f6bf2bdf) Importer(815301076,1909f56bfc062723c751e8b465ee728b)
Start importing Assets/Prefabs/Player Object.prefab using Guid(f92e6a277910fe34da99dda8f6bf2bdf) Importer(815301076,1909f56bfc062723c751e8b465ee728b)  -> (artifact id: 'c4b808c3804892e1ae30bc0c426df9dd') in 0.015956 seconds 
========================================================================
Received Import Request.
  Time since last request: 10.612674 seconds.
  path: Assets/Prefabs/Player Object.prefab
  artifactKey: Guid(f92e6a277910fe34da99dda8f6bf2bdf) Importer(815301076,1909f56bfc062723c751e8b465ee728b)
Start importing Assets/Prefabs/Player Object.prefab using Guid(f92e6a277910fe34da99dda8f6bf2bdf) Importer(815301076,1909f56bfc062723c751e8b465ee728b)  -> (artifact id: 'c0ba8c498e11272e980a30cd536ad3af') in 0.013995 seconds 
========================================================================
Received Import Request.
  Time since last request: 2.432546 seconds.
  path: Assets/Prefabs/Player Object.prefab
  artifactKey: Guid(f92e6a277910fe34da99dda8f6bf2bdf) Importer(815301076,1909f56bfc062723c751e8b465ee728b)
Start importing Assets/Prefabs/Player Object.prefab using Guid(f92e6a277910fe34da99dda8f6bf2bdf) Importer(815301076,1909f56bfc062723c751e8b465ee728b)  -> (artifact id: 'f00e9315dd0665ce37df48a777f308f1') in 0.018224 seconds 
========================================================================
Received Import Request.
  Time since last request: 61.388675 seconds.
  path: Assets/Prefabs/Player Object.prefab
  artifactKey: Guid(f92e6a277910fe34da99dda8f6bf2bdf) Importer(815301076,1909f56bfc062723c751e8b465ee728b)
Start importing Assets/Prefabs/Player Object.prefab using Guid(f92e6a277910fe34da99dda8f6bf2bdf) Importer(815301076,1909f56bfc062723c751e8b465ee728b)  -> (artifact id: '607725d7963c0cd61419983f3b7b6a15') in 0.017083 seconds 
========================================================================
Received Import Request.
  Time since last request: 7.993797 seconds.
  path: Assets/Prefabs/Player Object.prefab
  artifactKey: Guid(f92e6a277910fe34da99dda8f6bf2bdf) Importer(815301076,1909f56bfc062723c751e8b465ee728b)
Start importing Assets/Prefabs/Player Object.prefab using Guid(f92e6a277910fe34da99dda8f6bf2bdf) Importer(815301076,1909f56bfc062723c751e8b465ee728b)  -> (artifact id: '1dfd4e4449d62cdf531fd5b62b492fa2') in 0.016737 seconds 
========================================================================
Received Prepare
Registering precompiled user dll's ...
Registered in 0.005226 seconds.
Begin MonoManager ReloadAssembly
Native extension for WindowsStandalone target not found
Native extension for WebGL target not found
Refreshing native plugins compatible for Editor in 0.90 ms, found 2 plugins.
Preloading 0 native plugins for Editor in 0.00 ms.
Mono: successfully reloaded assembly
- Completed reload, in  0.997 seconds
Platform modules already initialized, skipping
Refreshing native plugins compatible for Editor in 0.86 ms, found 2 plugins.
Preloading 0 native plugins for Editor in 0.00 ms.
Unloading 3802 Unused Serialized files (Serialized files now loaded: 0)
System memory in use before: 148.1 MB.
System memory in use after: 148.3 MB.

Unloading 18 unused Assets to reduce memory usage. Loaded Objects now: 4381.
Total: 2.703400 ms (FindLiveObjects: 0.407700 ms CreateObjectMapping: 0.098800 ms MarkObjects: 2.131600 ms  DeleteObjects: 0.064500 ms)

========================================================================
Received Import Request.
  Time since last request: 27.371182 seconds.
  path: Assets/Prefabs/Player Object.prefab
  artifactKey: Guid(f92e6a277910fe34da99dda8f6bf2bdf) Importer(815301076,1909f56bfc062723c751e8b465ee728b)
Start importing Assets/Prefabs/Player Object.prefab using Guid(f92e6a277910fe34da99dda8f6bf2bdf) Importer(815301076,1909f56bfc062723c751e8b465ee728b)  -> (artifact id: '0d567af36f58aa1f292d84080a70fbaa') in 0.073259 seconds 
========================================================================
Received Import Request.
  Time since last request: 41.055817 seconds.
  path: Assets/Art/KennyAssets/shotRed.png
  artifactKey: Guid(55ba1016db671504e87fbb8cab479808) Importer(815301076,1909f56bfc062723c751e8b465ee728b)
Start importing Assets/Art/KennyAssets/shotRed.png using Guid(55ba1016db671504e87fbb8cab479808) Importer(815301076,1909f56bfc062723c751e8b465ee728b)  -> (artifact id: '4ee9e7c9bf80d831dec50d019e4fc62f') in 0.067263 seconds 
========================================================================
Received Import Request.
  Time since last request: 4.258734 seconds.
  path: Assets/Art/KennyAssets/shotLarge.png
  artifactKey: Guid(5a00dc05f4417a144bf3fce84bc23b05) Importer(815301076,1909f56bfc062723c751e8b465ee728b)
Start importing Assets/Art/KennyAssets/shotLarge.png using Guid(5a00dc05f4417a144bf3fce84bc23b05) Importer(815301076,1909f56bfc062723c751e8b465ee728b)  -> (artifact id: '4be0120ed05a4f9caa9a09c029bd2226') in 0.015710 seconds 
========================================================================
Received Import Request.
  Time since last request: 1.207477 seconds.
  path: Assets/Art/KennyAssets/shotOrange.png
  artifactKey: Guid(b29e46e5a43f23246aa571a8b5ae0955) Importer(815301076,1909f56bfc062723c751e8b465ee728b)
Start importing Assets/Art/KennyAssets/shotOrange.png using Guid(b29e46e5a43f23246aa571a8b5ae0955) Importer(815301076,1909f56bfc062723c751e8b465ee728b)  -> (artifact id: '0226959f3b19a1f9426e310f49ae55f4') in 0.015080 seconds 
========================================================================
Received Import Request.
  Time since last request: 32.693837 seconds.
  path: Assets/Art/KennyAssets/explosionSmoke1.png
  artifactKey: Guid(b31558339f58133449a40d77c20791af) Importer(815301076,1909f56bfc062723c751e8b465ee728b)
Start importing Assets/Art/KennyAssets/explosionSmoke1.png using Guid(b31558339f58133449a40d77c20791af) Importer(815301076,1909f56bfc062723c751e8b465ee728b)  -> (artifact id: 'ea4b399a2c63c4689a7b6cf295b91466') in 0.017978 seconds 
========================================================================
Received Import Request.
  Time since last request: 1.030617 seconds.
  path: Assets/Art/KennyAssets/explosionSmoke2.png
  artifactKey: Guid(3615131e7b06811478a38de1f29b07b0) Importer(815301076,1909f56bfc062723c751e8b465ee728b)
Start importing Assets/Art/KennyAssets/explosionSmoke2.png using Guid(3615131e7b06811478a38de1f29b07b0) Importer(815301076,1909f56bfc062723c751e8b465ee728b)  -> (artifact id: 'aa2a4787a1e5a0544df5b64fb3413536') in 0.018662 seconds 
========================================================================
Received Import Request.
  Time since last request: 0.621254 seconds.
  path: Assets/Art/KennyAssets/explosionSmoke3.png
  artifactKey: Guid(00c6dbbd46dcf2d4ba6ebc38c7f94512) Importer(815301076,1909f56bfc062723c751e8b465ee728b)
Start importing Assets/Art/KennyAssets/explosionSmoke3.png using Guid(00c6dbbd46dcf2d4ba6ebc38c7f94512) Importer(815301076,1909f56bfc062723c751e8b465ee728b)  -> (artifact id: 'cebeb3b53059ede496668423104b0641') in 0.016857 seconds 
========================================================================
Received Import Request.
  Time since last request: 0.866100 seconds.
  path: Assets/Art/KennyAssets/explosionSmoke4.png
  artifactKey: Guid(29bcaa5d346d98b418a8d59a74d57689) Importer(815301076,1909f56bfc062723c751e8b465ee728b)
Start importing Assets/Art/KennyAssets/explosionSmoke4.png using Guid(29bcaa5d346d98b418a8d59a74d57689) Importer(815301076,1909f56bfc062723c751e8b465ee728b)  -> (artifact id: '363c41db602f63cbde0decbeca6e30a5') in 0.022098 seconds 
========================================================================
Received Import Request.
  Time since last request: 0.689290 seconds.
  path: Assets/Art/KennyAssets/explosionSmoke5.png
  artifactKey: Guid(d04d8b036c32b904496d18fe59824f83) Importer(815301076,1909f56bfc062723c751e8b465ee728b)
Start importing Assets/Art/KennyAssets/explosionSmoke5.png using Guid(d04d8b036c32b904496d18fe59824f83) Importer(815301076,1909f56bfc062723c751e8b465ee728b)  -> (artifact id: '4aa4b740059d7c377640b8afa18275eb') in 0.022422 seconds 
========================================================================
Received Import Request.
  Time since last request: 9.627127 seconds.
  path: Assets/Art/KennyAssets/explosion5.png
  artifactKey: Guid(607634cfb85d73542ae32a3869dfbab3) Importer(815301076,1909f56bfc062723c751e8b465ee728b)
Start importing Assets/Art/KennyAssets/explosion5.png using Guid(607634cfb85d73542ae32a3869dfbab3) Importer(815301076,1909f56bfc062723c751e8b465ee728b)  -> (artifact id: '571dc8a5a167a45ef8f472e2bd48d801') in 0.014917 seconds 
========================================================================
Received Import Request.
  Time since last request: 1.074323 seconds.
  path: Assets/Art/KennyAssets/explosion1.png
  artifactKey: Guid(1d2c05824ef99a048b939dd8d3d71954) Importer(815301076,1909f56bfc062723c751e8b465ee728b)
Start importing Assets/Art/KennyAssets/explosion1.png using Guid(1d2c05824ef99a048b939dd8d3d71954) Importer(815301076,1909f56bfc062723c751e8b465ee728b)  -> (artifact id: '277c30aa6a89276fc984d9cb30a97d67') in 0.015618 seconds 
========================================================================
Received Import Request.
  Time since last request: 0.698500 seconds.
  path: Assets/Art/KennyAssets/explosion2.png
  artifactKey: Guid(d5efe42147772a84094db090109f7499) Importer(815301076,1909f56bfc062723c751e8b465ee728b)
Start importing Assets/Art/KennyAssets/explosion2.png using Guid(d5efe42147772a84094db090109f7499) Importer(815301076,1909f56bfc062723c751e8b465ee728b)  -> (artifact id: '3dad770c36c6f58f0a714eb828aaef66') in 0.014999 seconds 
========================================================================
Received Import Request.
  Time since last request: 0.618545 seconds.
  path: Assets/Art/KennyAssets/explosion3.png
  artifactKey: Guid(d8a222e3492d2e44699c36b3dee927be) Importer(815301076,1909f56bfc062723c751e8b465ee728b)
Start importing Assets/Art/KennyAssets/explosion3.png using Guid(d8a222e3492d2e44699c36b3dee927be) Importer(815301076,1909f56bfc062723c751e8b465ee728b)  -> (artifact id: 'e95447e76303b932af458df02e473d50') in 0.023465 seconds 
========================================================================
Received Import Request.
  Time since last request: 0.473823 seconds.
  path: Assets/Art/KennyAssets/explosion4.png
  artifactKey: Guid(8a51b6b02cf09a144a03e5b864061834) Importer(815301076,1909f56bfc062723c751e8b465ee728b)
Start importing Assets/Art/KennyAssets/explosion4.png using Guid(8a51b6b02cf09a144a03e5b864061834) Importer(815301076,1909f56bfc062723c751e8b465ee728b)  -> (artifact id: '16eba82fd7e82a5c3fa937584ead603e') in 0.016098 seconds 
========================================================================
Received Prepare
Registering precompiled user dll's ...
Registered in 0.004994 seconds.
Begin MonoManager ReloadAssembly
Native extension for WindowsStandalone target not found
Native extension for WebGL target not found
Refreshing native plugins compatible for Editor in 0.89 ms, found 2 plugins.
Preloading 0 native plugins for Editor in 0.00 ms.
Mono: successfully reloaded assembly
- Completed reload, in  0.965 seconds
Platform modules already initialized, skipping
Refreshing native plugins compatible for Editor in 0.93 ms, found 2 plugins.
Preloading 0 native plugins for Editor in 0.00 ms.
Unloading 3815 Unused Serialized files (Serialized files now loaded: 0)
System memory in use before: 154.0 MB.
System memory in use after: 154.2 MB.

Unloading 18 unused Assets to reduce memory usage. Loaded Objects now: 4600.
Total: 2.908000 ms (FindLiveObjects: 0.418200 ms CreateObjectMapping: 0.104200 ms MarkObjects: 2.216200 ms  DeleteObjects: 0.168100 ms)

========================================================================
Received Import Request.
  Time since last request: 173.616451 seconds.
  path: Assets/Art/KennyAssets/New Folder
  artifactKey: Guid(d64e5b9693dab8e4f9d2fb301dd10a87) Importer(815301076,1909f56bfc062723c751e8b465ee728b)
Start importing Assets/Art/KennyAssets/New Folder using Guid(d64e5b9693dab8e4f9d2fb301dd10a87) Importer(815301076,1909f56bfc062723c751e8b465ee728b)  -> (artifact id: '7754257c0ed14b8b8c7900b8ae29e927') in 0.013088 seconds 
========================================================================
Received Import Request.
  Time since last request: 18.719130 seconds.
  path: Assets/Art/KennyAssets/barrelBlack_side.png
  artifactKey: Guid(fd2dbfcce840f41408f22bc8c713637f) Importer(815301076,1909f56bfc062723c751e8b465ee728b)
Start importing Assets/Art/KennyAssets/barrelBlack_side.png using Guid(fd2dbfcce840f41408f22bc8c713637f) Importer(815301076,1909f56bfc062723c751e8b465ee728b)  -> (artifact id: 'b37f12d42db5b3dc45229ef539dffe2a') in 0.052547 seconds 
========================================================================
Received Import Request.
  Time since last request: 21.399878 seconds.
  path: Assets/Prefabs/Player.prefab
  artifactKey: Guid(7f79e53f2799a8f4b865361c64b24bd0) Importer(815301076,1909f56bfc062723c751e8b465ee728b)
Start importing Assets/Prefabs/Player.prefab using Guid(7f79e53f2799a8f4b865361c64b24bd0) Importer(815301076,1909f56bfc062723c751e8b465ee728b)  -> (artifact id: '6ff24e240c6e3d39f6299f2be7aaf4dd') in 0.046668 seconds 
========================================================================
Received Import Request.
  Time since last request: 43.043334 seconds.
  path: Assets/Art/KennyAssets/New Folder/smokeWhite3.png
  artifactKey: Guid(9e628d021fd914f4ab90a263d5848c30) Importer(815301076,1909f56bfc062723c751e8b465ee728b)
Start importing Assets/Art/KennyAssets/New Folder/smokeWhite3.png using Guid(9e628d021fd914f4ab90a263d5848c30) Importer(815301076,1909f56bfc062723c751e8b465ee728b)  -> (artifact id: '41e73a2d7378c921acd6e093dc0e8b28') in 0.030988 seconds 
========================================================================
Received Import Request.
  Time since last request: 0.635543 seconds.
  path: Assets/Art/KennyAssets/New Folder/smokeWhite5.png
  artifactKey: Guid(a612e48134252694ba254293d0555a4c) Importer(815301076,1909f56bfc062723c751e8b465ee728b)
Start importing Assets/Art/KennyAssets/New Folder/smokeWhite5.png using Guid(a612e48134252694ba254293d0555a4c) Importer(815301076,1909f56bfc062723c751e8b465ee728b)  -> (artifact id: '7b03e1ea56c4ad4f5a32baa6434a8050') in 0.017937 seconds 
AssetImportWorkerClient::OnTransportError - code=2 error=End of file
